<component name="libraryTable">
  <library name="junit-jupiter-engine-5.3.2">
    <CLASSES>
      <root url="jar://$PROJECT_DIR$/src/main/java/libs/junit5/junit-jupiter-engine-5.3.2.jar!/" />
    </CLASSES>
    <JAVADOC />
    <SOURCES />
  </library>
</component>